<?xml version="1.0" encoding="UTF-8"?>
<!-- Generated by org.testng.reporters.JUnitReportReporter -->
<testsuite hostname="DESKTOP-BOKOM75" failures="0" tests="1" name="Test_Kite.TestClass" time="3.184" errors="0" timestamp="2022-09-08T19:06:43 IST" skipped="0">
  <testcase classname="Test_Kite.TestClass" name="verifyUID" time="3.184"/>
  <system-out/>
</testsuite> <!-- Test_Kite.TestClass -->
