<?xml version="1.0" encoding="UTF-8"?>
<!-- Generated by org.testng.reporters.JUnitReportReporter -->
<testsuite hostname="DESKTOP-BOKOM75" failures="0" tests="1" name="Test_Kite.TestClass" time="2.581" errors="0" timestamp="2022-08-25T23:01:50 IST" skipped="0">
  <testcase classname="Test_Kite.TestClass" name="verifyUID" time="2.581"/>
  <system-out/>
</testsuite> <!-- Test_Kite.TestClass -->
